0 info it worked if it ends with ok
1 verbose cli [ 'node', '/usr/local/bin/npm', 'init' ]
2 info using npm@2.5.1
3 info using node@v0.12.0
4 verbose config Skipping project config: /Users/admin/.npmrc. (matches userconfig)
5 silly package data undefined
6 info init written successfully
7 verbose stack Error: Invalid version: "1"
7 verbose stack     at Object.module.exports.fixVersionField (/usr/local/lib/node_modules/npm/node_modules/normalize-package-data/lib/fixer.js:190:13)
7 verbose stack     at /usr/local/lib/node_modules/npm/node_modules/normalize-package-data/lib/normalize.js:30:38
7 verbose stack     at Array.forEach (native)
7 verbose stack     at normalize (/usr/local/lib/node_modules/npm/node_modules/normalize-package-data/lib/normalize.js:29:15)
7 verbose stack     at final (/usr/local/lib/node_modules/npm/node_modules/read-package-json/read-json.js:342:33)
7 verbose stack     at then (/usr/local/lib/node_modules/npm/node_modules/read-package-json/read-json.js:126:33)
7 verbose stack     at /usr/local/lib/node_modules/npm/node_modules/read-package-json/read-json.js:316:48
7 verbose stack     at evalmachine.<anonymous>:265:20
7 verbose stack     at OpenReq.Req.done (/usr/local/lib/node_modules/npm/node_modules/graceful-fs/graceful-fs.js:141:5)
7 verbose stack     at OpenReq.done (/usr/local/lib/node_modules/npm/node_modules/graceful-fs/graceful-fs.js:61:22)
8 verbose cwd /Users/admin/Desktop/temp2
9 error Darwin 13.4.0
10 error argv "node" "/usr/local/bin/npm" "init"
11 error node v0.12.0
12 error npm  v2.5.1
13 error Invalid version: "1"
14 error If you need help, you may report this error at:
14 error     <http://github.com/npm/npm/issues>
15 verbose exit [ 1, true ]
